<?xml version="1.0" encoding="UTF-8"?>
<testng-results skipped="0" failed="0" ignored="0" total="1" passed="1">
  <reporter-output>
  </reporter-output>
  <suite name="Default suite" duration-ms="16244" started-at="2018-11-12T10:33:42Z" finished-at="2018-11-12T10:33:58Z">
    <groups>
    </groups>
    <test name="Default test" duration-ms="16244" started-at="2018-11-12T10:33:42Z" finished-at="2018-11-12T10:33:58Z">
      <class name="eWait.e6CustomeWait">
        <test-method status="PASS" signature="customWait()[pri:0, instance:eWait.e6CustomeWait@77ec78b9]" name="customWait" duration-ms="16218" started-at="2018-11-12T16:03:42Z" finished-at="2018-11-12T16:03:58Z">
          <reporter-output>
          </reporter-output>
        </test-method> <!-- customWait -->
      </class> <!-- eWait.e6CustomeWait -->
    </test> <!-- Default test -->
  </suite> <!-- Default suite -->
</testng-results>
