<?xml version="1.0" encoding="UTF-8"?>
<testng-results skipped="0" failed="0" ignored="0" total="1" passed="1">
  <reporter-output>
  </reporter-output>
  <suite name="Default suite" duration-ms="25507" started-at="2019-05-14T14:03:42Z" finished-at="2019-05-14T14:04:07Z">
    <groups>
    </groups>
    <test name="Default test" duration-ms="25507" started-at="2019-05-14T14:03:42Z" finished-at="2019-05-14T14:04:07Z">
      <class name="hSwitchToCommand.h4SwitchToFrame">
        <test-method status="PASS" signature="beforeTest()[pri:0, instance:hSwitchToCommand.h4SwitchToFrame@5891e32e]" name="beforeTest" is-config="true" duration-ms="13790" started-at="2019-05-14T19:33:42Z" finished-at="2019-05-14T19:33:56Z">
          <reporter-output>
          </reporter-output>
        </test-method> <!-- beforeTest -->
        <test-method status="PASS" signature="switchToFrameByWebElement()[pri:0, instance:hSwitchToCommand.h4SwitchToFrame@5891e32e]" name="switchToFrameByWebElement" duration-ms="10307" started-at="2019-05-14T19:33:56Z" finished-at="2019-05-14T19:34:06Z">
          <reporter-output>
          </reporter-output>
        </test-method> <!-- switchToFrameByWebElement -->
        <test-method status="PASS" signature="afterTest()[pri:0, instance:hSwitchToCommand.h4SwitchToFrame@5891e32e]" name="afterTest" is-config="true" duration-ms="1351" started-at="2019-05-14T19:34:06Z" finished-at="2019-05-14T19:34:07Z">
          <reporter-output>
          </reporter-output>
        </test-method> <!-- afterTest -->
      </class> <!-- hSwitchToCommand.h4SwitchToFrame -->
    </test> <!-- Default test -->
  </suite> <!-- Default suite -->
</testng-results>
